<?xml version="1.0" encoding="UTF-8"?>
<robot generator="Robot 5.0.1 (Python 3.10.8 on win32)" generated="20230317 01:16:33.632" rpa="false" schemaversion="3">
<suite id="s1" name="Assesment Telkom" source="C:\Users\Najla\Documents\assesment_telkom">
<suite id="s1-s1" name="Test" source="C:\Users\Najla\Documents\assesment_telkom\test.robot">
<test id="s1-s1-t1" name="Success Sign Up" line="8">
<kw name="Open Browser" library="SeleniumLibrary">
<arg>https://ebay.com/</arg>
<arg>chrome</arg>
<doc>Opens a new browser instance to given URL.</doc>
<msg timestamp="20230317 01:16:33.822" level="INFO">Opening browser 'chrome' to base url 'https://ebay.com/'</msg>
<status status="PASS" starttime="20230317 01:16:33.822" endtime="20230317 01:16:39.214"/>
</kw>
<kw name="Maximize Browser Window" library="SeleniumLibrary">
<doc>Maximizes current browser window.</doc>
<status status="PASS" starttime="20230317 01:16:39.214" endtime="20230317 01:16:39.345"/>
</kw>
<kw name="Click Link" library="SeleniumLibrary">
<arg>link:sign in</arg>
<doc>Clicks a link identified by locator.</doc>
<msg timestamp="20230317 01:16:39.346" level="INFO">Clicking link 'link:sign in'.</msg>
<kw name="Capture Page Screenshot" library="SeleniumLibrary">
<doc>Takes a screenshot of the current page and embeds it into the log.</doc>
<msg timestamp="20230317 01:16:39.555" level="INFO" html="true">&lt;/td&gt;&lt;/tr&gt;&lt;tr&gt;&lt;td colspan="3"&gt;&lt;a href="selenium-screenshot-1.png"&gt;&lt;img src="selenium-screenshot-1.png" width="800px"&gt;&lt;/a&gt;</msg>
<status status="PASS" starttime="20230317 01:16:39.351" endtime="20230317 01:16:39.555"/>
</kw>
<msg timestamp="20230317 01:16:39.556" level="FAIL">AttributeError: 'WebDriver' object has no attribute 'find_elements_by_xpath'</msg>
<status status="FAIL" starttime="20230317 01:16:39.346" endtime="20230317 01:16:39.557"/>
</kw>
<kw name="Sleep" library="BuiltIn">
<arg>4s</arg>
<doc>Pauses the test executed for the given time.</doc>
<status status="NOT RUN" starttime="20230317 01:16:39.558" endtime="20230317 01:16:39.558"/>
</kw>
<kw name="Close Browser" library="SeleniumLibrary">
<doc>Closes the current browser.</doc>
<status status="NOT RUN" starttime="20230317 01:16:39.558" endtime="20230317 01:16:39.558"/>
</kw>
<status status="FAIL" starttime="20230317 01:16:33.822" endtime="20230317 01:16:39.560">AttributeError: 'WebDriver' object has no attribute 'find_elements_by_xpath'</status>
</test>
<status status="FAIL" starttime="20230317 01:16:33.648" endtime="20230317 01:16:39.561"/>
</suite>
<status status="FAIL" starttime="20230317 01:16:33.633" endtime="20230317 01:16:39.563"/>
</suite>
<statistics>
<total>
<stat pass="0" fail="1" skip="0">All Tests</stat>
</total>
<tag>
</tag>
<suite>
<stat pass="0" fail="1" skip="0" id="s1" name="Assesment Telkom">Assesment Telkom</stat>
<stat pass="0" fail="1" skip="0" id="s1-s1" name="Test">Assesment Telkom.Test</stat>
</suite>
</statistics>
<errors>
</errors>
</robot>
