<?xml version="1.0" encoding="UTF-8"?>
<robot generator="Robot 6.0.2 (Python 3.11.2 on win32)" generated="20230317 10:19:39.678" rpa="false" schemaversion="3">
<suite id="s1" name="Test" source="C:\Users\Najla\Documents\assesment_telkom\test.robot">
<test id="s1-t1" name="Checkout dengan data yang ada" line="7">
<kw name="Given customer already on landing page" library="keyword">
<kw name="Open Browser" library="SeleniumLibrary">
<arg>https://demo.midtrans.com/</arg>
<arg>chrome</arg>
<doc>Opens a new browser instance to the optional ``url``.</doc>
<msg timestamp="20230317 10:19:39.922" level="INFO">Opening browser 'chrome' to base url 'https://demo.midtrans.com/'.</msg>
<status status="PASS" starttime="20230317 10:19:39.920" endtime="20230317 10:19:42.359"/>
</kw>
<kw name="Wait Until Page Contains" library="SeleniumLibrary">
<arg>Get cozy with our new pillow!</arg>
<doc>Waits until ``text`` appears on the current page.</doc>
<status status="PASS" starttime="20230317 10:19:42.359" endtime="20230317 10:19:42.380"/>
</kw>
<kw name="Wait Until Page Contains Element" library="SeleniumLibrary">
<arg>${LANDING_PAGE_TITLE}</arg>
<doc>Waits until the element ``locator`` appears on the current page.</doc>
<status status="PASS" starttime="20230317 10:19:42.380" endtime="20230317 10:19:42.394"/>
</kw>
<status status="PASS" starttime="20230317 10:19:39.920" endtime="20230317 10:19:42.394"/>
</kw>
<kw name="When customer want to buy" library="keyword">
<kw name="Wait Until Element Is Visible" library="SeleniumLibrary">
<arg>${ELEMENT_BUTTON_BUY_NOW}</arg>
<doc>Waits until the element ``locator`` is visible.</doc>
<status status="PASS" starttime="20230317 10:19:42.394" endtime="20230317 10:19:42.421"/>
</kw>
<kw name="Click Element" library="SeleniumLibrary">
<arg>${ELEMENT_BUTTON_BUY_NOW}</arg>
<doc>Click the element identified by ``locator``.</doc>
<msg timestamp="20230317 10:19:42.421" level="INFO">Clicking element '//*[@class="btn buy"]'.</msg>
<status status="PASS" starttime="20230317 10:19:42.421" endtime="20230317 10:19:42.492"/>
</kw>
<status status="PASS" starttime="20230317 10:19:42.394" endtime="20230317 10:19:42.492"/>
</kw>
<kw name="And customer click button checkout" library="keyword">
<kw name="Wait Until Element Is Visible" library="SeleniumLibrary">
<arg>${ELEMENT_BUTTON_CHECKOUT}</arg>
<doc>Waits until the element ``locator`` is visible.</doc>
<status status="PASS" starttime="20230317 10:19:42.492" endtime="20230317 10:19:42.531"/>
</kw>
<kw name="Click Element" library="SeleniumLibrary">
<arg>${ELEMENT_BUTTON_CHECKOUT}</arg>
<doc>Click the element identified by ``locator``.</doc>
<msg timestamp="20230317 10:19:42.537" level="INFO">Clicking element '//div[contains(text(),'CHECKOUT')]'.</msg>
<status status="PASS" starttime="20230317 10:19:42.531" endtime="20230317 10:19:42.637"/>
</kw>
<status status="PASS" starttime="20230317 10:19:42.492" endtime="20230317 10:19:42.637"/>
</kw>
<kw name="Then customer get payment detail" library="keyword">
<kw name="Wait Until Page Contains Element" library="SeleniumLibrary">
<arg>${ELEMENT_LOGO_MERCH}</arg>
<doc>Waits until the element ``locator`` appears on the current page.</doc>
<status status="PASS" starttime="20230317 10:19:42.639" endtime="20230317 10:19:42.656"/>
</kw>
<status status="PASS" starttime="20230317 10:19:42.639" endtime="20230317 10:19:42.656"/>
</kw>
<status status="PASS" starttime="20230317 10:19:39.916" endtime="20230317 10:19:42.656"/>
</test>
<test id="s1-t2" name="Checkout dengan email yang tidak valid" line="13">
<kw name="Given customer already on landing page" library="keyword">
<kw name="Open Browser" library="SeleniumLibrary">
<arg>https://demo.midtrans.com/</arg>
<arg>chrome</arg>
<doc>Opens a new browser instance to the optional ``url``.</doc>
<msg timestamp="20230317 10:19:42.663" level="INFO">Opening browser 'chrome' to base url 'https://demo.midtrans.com/'.</msg>
<status status="PASS" starttime="20230317 10:19:42.663" endtime="20230317 10:19:46.306"/>
</kw>
<kw name="Wait Until Page Contains" library="SeleniumLibrary">
<arg>Get cozy with our new pillow!</arg>
<doc>Waits until ``text`` appears on the current page.</doc>
<status status="PASS" starttime="20230317 10:19:46.306" endtime="20230317 10:19:46.315"/>
</kw>
<kw name="Wait Until Page Contains Element" library="SeleniumLibrary">
<arg>${LANDING_PAGE_TITLE}</arg>
<doc>Waits until the element ``locator`` appears on the current page.</doc>
<status status="PASS" starttime="20230317 10:19:46.315" endtime="20230317 10:19:46.331"/>
</kw>
<status status="PASS" starttime="20230317 10:19:42.656" endtime="20230317 10:19:46.331"/>
</kw>
<kw name="When customer want to buy" library="keyword">
<kw name="Wait Until Element Is Visible" library="SeleniumLibrary">
<arg>${ELEMENT_BUTTON_BUY_NOW}</arg>
<doc>Waits until the element ``locator`` is visible.</doc>
<status status="PASS" starttime="20230317 10:19:46.331" endtime="20230317 10:19:46.360"/>
</kw>
<kw name="Click Element" library="SeleniumLibrary">
<arg>${ELEMENT_BUTTON_BUY_NOW}</arg>
<doc>Click the element identified by ``locator``.</doc>
<msg timestamp="20230317 10:19:46.360" level="INFO">Clicking element '//*[@class="btn buy"]'.</msg>
<status status="PASS" starttime="20230317 10:19:46.360" endtime="20230317 10:19:46.413"/>
</kw>
<status status="PASS" starttime="20230317 10:19:46.331" endtime="20230317 10:19:46.413"/>
</kw>
<kw name="And customer input invalid email" library="keyword">
<kw name="Wait Until Element Is Visible" library="SeleniumLibrary">
<arg>${ELEMENT_INPUT_CUSTOMER_EMAIL}</arg>
<doc>Waits until the element ``locator`` is visible.</doc>
<status status="PASS" starttime="20230317 10:19:46.413" endtime="20230317 10:19:46.456"/>
</kw>
<kw name="Input Text" library="SeleniumLibrary">
<arg>${ELEMENT_INPUT_CUSTOMER_EMAIL}</arg>
<arg>nanonano</arg>
<doc>Types the given ``text`` into the text field identified by ``locator``.</doc>
<msg timestamp="20230317 10:19:46.456" level="INFO">Typing text 'nanonano' into text field '//tbody/tr[2]/td[2]/input[1]'.</msg>
<status status="PASS" starttime="20230317 10:19:46.456" endtime="20230317 10:19:46.871"/>
</kw>
<status status="PASS" starttime="20230317 10:19:46.413" endtime="20230317 10:19:46.871"/>
</kw>
<kw name="And customer click button checkout" library="keyword">
<kw name="Wait Until Element Is Visible" library="SeleniumLibrary">
<arg>${ELEMENT_BUTTON_CHECKOUT}</arg>
<doc>Waits until the element ``locator`` is visible.</doc>
<status status="PASS" starttime="20230317 10:19:46.871" endtime="20230317 10:19:46.945"/>
</kw>
<kw name="Click Element" library="SeleniumLibrary">
<arg>${ELEMENT_BUTTON_CHECKOUT}</arg>
<doc>Click the element identified by ``locator``.</doc>
<msg timestamp="20230317 10:19:46.945" level="INFO">Clicking element '//div[contains(text(),'CHECKOUT')]'.</msg>
<status status="PASS" starttime="20230317 10:19:46.945" endtime="20230317 10:19:47.019"/>
</kw>
<status status="PASS" starttime="20230317 10:19:46.871" endtime="20230317 10:19:47.019"/>
</kw>
<kw name="Then error message appear" library="keyword">
<kw name="Wait Until Page Contains Element" library="SeleniumLibrary">
<arg>${MESSAGE_EMAIL_NULL}</arg>
<doc>Waits until the element ``locator`` appears on the current page.</doc>
<status status="PASS" starttime="20230317 10:19:47.024" endtime="20230317 10:19:47.272"/>
</kw>
<status status="PASS" starttime="20230317 10:19:47.024" endtime="20230317 10:19:47.272"/>
</kw>
<status status="PASS" starttime="20230317 10:19:42.656" endtime="20230317 10:19:47.272"/>
</test>
<test id="s1-t3" name="Checkout dengan phone number berupa special char" line="20">
<kw name="Given customer already on landing page" library="keyword">
<kw name="Open Browser" library="SeleniumLibrary">
<arg>https://demo.midtrans.com/</arg>
<arg>chrome</arg>
<doc>Opens a new browser instance to the optional ``url``.</doc>
<msg timestamp="20230317 10:19:47.280" level="INFO">Opening browser 'chrome' to base url 'https://demo.midtrans.com/'.</msg>
<status status="PASS" starttime="20230317 10:19:47.277" endtime="20230317 10:19:49.852"/>
</kw>
<kw name="Wait Until Page Contains" library="SeleniumLibrary">
<arg>Get cozy with our new pillow!</arg>
<doc>Waits until ``text`` appears on the current page.</doc>
<status status="PASS" starttime="20230317 10:19:49.856" endtime="20230317 10:19:49.869"/>
</kw>
<kw name="Wait Until Page Contains Element" library="SeleniumLibrary">
<arg>${LANDING_PAGE_TITLE}</arg>
<doc>Waits until the element ``locator`` appears on the current page.</doc>
<status status="PASS" starttime="20230317 10:19:49.869" endtime="20230317 10:19:49.877"/>
</kw>
<status status="PASS" starttime="20230317 10:19:47.277" endtime="20230317 10:19:49.877"/>
</kw>
<kw name="When customer want to buy" library="keyword">
<kw name="Wait Until Element Is Visible" library="SeleniumLibrary">
<arg>${ELEMENT_BUTTON_BUY_NOW}</arg>
<doc>Waits until the element ``locator`` is visible.</doc>
<status status="PASS" starttime="20230317 10:19:49.885" endtime="20230317 10:19:49.916"/>
</kw>
<kw name="Click Element" library="SeleniumLibrary">
<arg>${ELEMENT_BUTTON_BUY_NOW}</arg>
<doc>Click the element identified by ``locator``.</doc>
<msg timestamp="20230317 10:19:49.918" level="INFO">Clicking element '//*[@class="btn buy"]'.</msg>
<status status="PASS" starttime="20230317 10:19:49.916" endtime="20230317 10:19:49.980"/>
</kw>
<status status="PASS" starttime="20230317 10:19:49.883" endtime="20230317 10:19:49.980"/>
</kw>
<kw name="And customer input phone number with special char" library="keyword">
<kw name="Wait Until Element Is Visible" library="SeleniumLibrary">
<arg>${ELEMENT_INPUT_CUSTOMER_PHONE_NUMBER}</arg>
<doc>Waits until the element ``locator`` is visible.</doc>
<status status="PASS" starttime="20230317 10:19:49.985" endtime="20230317 10:19:50.083"/>
</kw>
<kw name="Input Text" library="SeleniumLibrary">
<arg>${ELEMENT_INPUT_CUSTOMER_PHONE_NUMBER}</arg>
<arg>++++++++++++</arg>
<doc>Types the given ``text`` into the text field identified by ``locator``.</doc>
<msg timestamp="20230317 10:19:50.083" level="INFO">Typing text '++++++++++++' into text field '//tbody/tr[3]/td[2]/input[1]'.</msg>
<status status="PASS" starttime="20230317 10:19:50.083" endtime="20230317 10:19:50.588"/>
</kw>
<status status="PASS" starttime="20230317 10:19:49.984" endtime="20230317 10:19:50.588"/>
</kw>
<kw name="And customer click button checkout" library="keyword">
<kw name="Wait Until Element Is Visible" library="SeleniumLibrary">
<arg>${ELEMENT_BUTTON_CHECKOUT}</arg>
<doc>Waits until the element ``locator`` is visible.</doc>
<status status="PASS" starttime="20230317 10:19:50.588" endtime="20230317 10:19:50.640"/>
</kw>
<kw name="Click Element" library="SeleniumLibrary">
<arg>${ELEMENT_BUTTON_CHECKOUT}</arg>
<doc>Click the element identified by ``locator``.</doc>
<msg timestamp="20230317 10:19:50.640" level="INFO">Clicking element '//div[contains(text(),'CHECKOUT')]'.</msg>
<status status="PASS" starttime="20230317 10:19:50.640" endtime="20230317 10:19:50.701"/>
</kw>
<status status="PASS" starttime="20230317 10:19:50.588" endtime="20230317 10:19:50.702"/>
</kw>
<kw name="Then error message appear" library="keyword">
<kw name="Wait Until Page Contains Element" library="SeleniumLibrary">
<arg>${MESSAGE_EMAIL_NULL}</arg>
<doc>Waits until the element ``locator`` appears on the current page.</doc>
<status status="PASS" starttime="20230317 10:19:50.703" endtime="20230317 10:19:50.927"/>
</kw>
<status status="PASS" starttime="20230317 10:19:50.702" endtime="20230317 10:19:50.927"/>
</kw>
<status status="PASS" starttime="20230317 10:19:47.272" endtime="20230317 10:19:50.934"/>
</test>
<test id="s1-t4" name="Customer update quantity" line="27">
<kw name="Given customer already on landing page" library="keyword">
<kw name="Open Browser" library="SeleniumLibrary">
<arg>https://demo.midtrans.com/</arg>
<arg>chrome</arg>
<doc>Opens a new browser instance to the optional ``url``.</doc>
<msg timestamp="20230317 10:19:50.944" level="INFO">Opening browser 'chrome' to base url 'https://demo.midtrans.com/'.</msg>
<status status="PASS" starttime="20230317 10:19:50.942" endtime="20230317 10:19:55.138"/>
</kw>
<kw name="Wait Until Page Contains" library="SeleniumLibrary">
<arg>Get cozy with our new pillow!</arg>
<doc>Waits until ``text`` appears on the current page.</doc>
<status status="PASS" starttime="20230317 10:19:55.138" endtime="20230317 10:19:55.153"/>
</kw>
<kw name="Wait Until Page Contains Element" library="SeleniumLibrary">
<arg>${LANDING_PAGE_TITLE}</arg>
<doc>Waits until the element ``locator`` appears on the current page.</doc>
<status status="PASS" starttime="20230317 10:19:55.154" endtime="20230317 10:19:55.162"/>
</kw>
<status status="PASS" starttime="20230317 10:19:50.934" endtime="20230317 10:19:55.162"/>
</kw>
<kw name="When customer want to buy" library="keyword">
<kw name="Wait Until Element Is Visible" library="SeleniumLibrary">
<arg>${ELEMENT_BUTTON_BUY_NOW}</arg>
<doc>Waits until the element ``locator`` is visible.</doc>
<status status="PASS" starttime="20230317 10:19:55.170" endtime="20230317 10:19:55.202"/>
</kw>
<kw name="Click Element" library="SeleniumLibrary">
<arg>${ELEMENT_BUTTON_BUY_NOW}</arg>
<doc>Click the element identified by ``locator``.</doc>
<msg timestamp="20230317 10:19:55.204" level="INFO">Clicking element '//*[@class="btn buy"]'.</msg>
<status status="PASS" starttime="20230317 10:19:55.202" endtime="20230317 10:19:55.310"/>
</kw>
<status status="PASS" starttime="20230317 10:19:55.170" endtime="20230317 10:19:55.311"/>
</kw>
<kw name="And customer input quantity" library="keyword">
<kw name="Wait Until Element Is Visible" library="SeleniumLibrary">
<arg>${ELEMENT_INPUT_MIDTRANS_PILLOW}</arg>
<doc>Waits until the element ``locator`` is visible.</doc>
<status status="PASS" starttime="20230317 10:19:55.311" endtime="20230317 10:19:55.371"/>
</kw>
<kw name="Input Text" library="SeleniumLibrary">
<arg>${ELEMENT_INPUT_MIDTRANS_PILLOW}</arg>
<arg>2000000000</arg>
<doc>Types the given ``text`` into the text field identified by ``locator``.</doc>
<msg timestamp="20230317 10:19:55.371" level="INFO">Typing text '2000000000' into text field '//tbody/tr[1]/td[3]/input[1]'.</msg>
<status status="PASS" starttime="20230317 10:19:55.371" endtime="20230317 10:19:55.942"/>
</kw>
<status status="PASS" starttime="20230317 10:19:55.311" endtime="20230317 10:19:55.942"/>
</kw>
<kw name="And customer click button cancel" library="keyword">
<kw name="Wait Until Element Is Visible" library="SeleniumLibrary">
<arg>${ELEMENT_BUTTON_CANCEL}</arg>
<doc>Waits until the element ``locator`` is visible.</doc>
<status status="PASS" starttime="20230317 10:19:55.946" endtime="20230317 10:19:55.978"/>
</kw>
<kw name="Click Element" library="SeleniumLibrary">
<arg>${ELEMENT_BUTTON_CANCEL}</arg>
<doc>Click the element identified by ``locator``.</doc>
<msg timestamp="20230317 10:19:55.978" level="INFO">Clicking element '//*[@id="container"]/div/div/div[2]/div[2]/div[3]'.</msg>
<status status="PASS" starttime="20230317 10:19:55.978" endtime="20230317 10:19:56.037"/>
</kw>
<status status="PASS" starttime="20230317 10:19:55.946" endtime="20230317 10:19:56.037"/>
</kw>
<kw name="Then the price on dashboard match with price that inputed" library="keyword">
<kw name="Wait Until Page Contains" library="SeleniumLibrary">
<arg>Rp 2,000,000,000</arg>
<doc>Waits until ``text`` appears on the current page.</doc>
<status status="PASS" starttime="20230317 10:19:56.040" endtime="20230317 10:19:56.067"/>
</kw>
<status status="PASS" starttime="20230317 10:19:56.040" endtime="20230317 10:19:56.068"/>
</kw>
<status status="PASS" starttime="20230317 10:19:50.934" endtime="20230317 10:19:56.068"/>
</test>
<test id="s1-t5" name="Customer checkout with big quantity" line="34">
<kw name="Given customer already on landing page" library="keyword">
<kw name="Open Browser" library="SeleniumLibrary">
<arg>https://demo.midtrans.com/</arg>
<arg>chrome</arg>
<doc>Opens a new browser instance to the optional ``url``.</doc>
<msg timestamp="20230317 10:19:56.078" level="INFO">Opening browser 'chrome' to base url 'https://demo.midtrans.com/'.</msg>
<status status="PASS" starttime="20230317 10:19:56.075" endtime="20230317 10:20:01.000"/>
</kw>
<kw name="Wait Until Page Contains" library="SeleniumLibrary">
<arg>Get cozy with our new pillow!</arg>
<doc>Waits until ``text`` appears on the current page.</doc>
<status status="PASS" starttime="20230317 10:20:01.000" endtime="20230317 10:20:01.023"/>
</kw>
<kw name="Wait Until Page Contains Element" library="SeleniumLibrary">
<arg>${LANDING_PAGE_TITLE}</arg>
<doc>Waits until the element ``locator`` appears on the current page.</doc>
<status status="PASS" starttime="20230317 10:20:01.023" endtime="20230317 10:20:01.039"/>
</kw>
<status status="PASS" starttime="20230317 10:19:56.075" endtime="20230317 10:20:01.039"/>
</kw>
<kw name="When customer want to buy" library="keyword">
<kw name="Wait Until Element Is Visible" library="SeleniumLibrary">
<arg>${ELEMENT_BUTTON_BUY_NOW}</arg>
<doc>Waits until the element ``locator`` is visible.</doc>
<status status="PASS" starttime="20230317 10:20:01.039" endtime="20230317 10:20:01.097"/>
</kw>
<kw name="Click Element" library="SeleniumLibrary">
<arg>${ELEMENT_BUTTON_BUY_NOW}</arg>
<doc>Click the element identified by ``locator``.</doc>
<msg timestamp="20230317 10:20:01.097" level="INFO">Clicking element '//*[@class="btn buy"]'.</msg>
<status status="PASS" starttime="20230317 10:20:01.097" endtime="20230317 10:20:01.177"/>
</kw>
<status status="PASS" starttime="20230317 10:20:01.039" endtime="20230317 10:20:01.177"/>
</kw>
<kw name="And customer input big quantity" library="keyword">
<kw name="Wait Until Element Is Visible" library="SeleniumLibrary">
<arg>${ELEMENT_INPUT_MIDTRANS_PILLOW}</arg>
<doc>Waits until the element ``locator`` is visible.</doc>
<status status="PASS" starttime="20230317 10:20:01.180" endtime="20230317 10:20:01.237"/>
</kw>
<kw name="Input Text" library="SeleniumLibrary">
<arg>${ELEMENT_INPUT_MIDTRANS_PILLOW}</arg>
<arg>2.000033333333333e+21</arg>
<doc>Types the given ``text`` into the text field identified by ``locator``.</doc>
<msg timestamp="20230317 10:20:01.237" level="INFO">Typing text '2.000033333333333e+21' into text field '//tbody/tr[1]/td[3]/input[1]'.</msg>
<status status="PASS" starttime="20230317 10:20:01.237" endtime="20230317 10:20:02.010"/>
</kw>
<status status="PASS" starttime="20230317 10:20:01.177" endtime="20230317 10:20:02.010"/>
</kw>
<kw name="And customer click button checkout" library="keyword">
<kw name="Wait Until Element Is Visible" library="SeleniumLibrary">
<arg>${ELEMENT_BUTTON_CHECKOUT}</arg>
<doc>Waits until the element ``locator`` is visible.</doc>
<status status="PASS" starttime="20230317 10:20:02.014" endtime="20230317 10:20:02.080"/>
</kw>
<kw name="Click Element" library="SeleniumLibrary">
<arg>${ELEMENT_BUTTON_CHECKOUT}</arg>
<doc>Click the element identified by ``locator``.</doc>
<msg timestamp="20230317 10:20:02.081" level="INFO">Clicking element '//div[contains(text(),'CHECKOUT')]'.</msg>
<status status="PASS" starttime="20230317 10:20:02.080" endtime="20230317 10:20:02.265"/>
</kw>
<status status="PASS" starttime="20230317 10:20:02.013" endtime="20230317 10:20:02.266"/>
</kw>
<kw name="Then error message appear" library="keyword">
<kw name="Wait Until Page Contains Element" library="SeleniumLibrary">
<arg>${MESSAGE_EMAIL_NULL}</arg>
<doc>Waits until the element ``locator`` appears on the current page.</doc>
<status status="PASS" starttime="20230317 10:20:02.276" endtime="20230317 10:20:02.544"/>
</kw>
<status status="PASS" starttime="20230317 10:20:02.275" endtime="20230317 10:20:02.544"/>
</kw>
<status status="PASS" starttime="20230317 10:19:56.074" endtime="20230317 10:20:02.544"/>
</test>
<status status="PASS" starttime="20230317 10:19:39.685" endtime="20230317 10:20:02.544"/>
</suite>
<statistics>
<total>
<stat pass="5" fail="0" skip="0">All Tests</stat>
</total>
<tag>
</tag>
<suite>
<stat pass="5" fail="0" skip="0" id="s1" name="Test">Test</stat>
</suite>
</statistics>
<errors>
</errors>
</robot>
